Build started 2018-3-4 11:22:12.
     1>Project "D:\cplus\pathfinder\pathfinder\pathfinder.vcxproj" on node 2 (build target(s)).
     1>InitializeBuildStatus:
         Creating "Debug\pathfinder.unsuccessfulbuild" because "AlwaysCreate" was specified.
       ClCompile:
         All outputs are up-to-date.
         D:\program\Microsoft Visual Studio 10.0\VC\bin\CL.exe /c /ZI /nologo /W3 /WX- /Od /Oy- /D WIN32 /D _DEBUG /D _WINDOWS /D _UNICODE /D UNICODE /Gm /EHsc /RTC1 /MDd /GS /fp:precise /Zc:wchar_t /Zc:forScope /Yu"StdAfx.h" /Fp"Debug\pathfinder.pch" /Fo"Debug\\" /Fd"Debug\vc100.pdb" /Gd /TP /analyze- /errorReport:prompt pathfinder.cpp
         pathfinder.cpp
       ResourceCompile:
         All outputs are up-to-date.
       ManifestResourceCompile:
         All outputs are up-to-date.
       Link:
         D:\program\Microsoft Visual Studio 10.0\VC\bin\link.exe /ERRORREPORT:PROMPT /OUT:"D:\cplus\pathfinder\Debug\pathfinder.exe" /INCREMENTAL /NOLOGO kernel32.lib user32.lib gdi32.lib winspool.lib comdlg32.lib advapi32.lib shell32.lib ole32.lib oleaut32.lib uuid.lib odbc32.lib odbccp32.lib /MANIFEST /ManifestFile:"Debug\pathfinder.exe.intermediate.manifest" /MANIFESTUAC:"level='asInvoker' uiAccess='false'" /DEBUG /PDB:"D:\cplus\pathfinder\Debug\pathfinder.pdb" /SUBSYSTEM:WINDOWS /TLBID:1 /DYNAMICBASE /NXCOMPAT /IMPLIB:"D:\cplus\pathfinder\Debug\pathfinder.lib" /MACHINE:X86 Debug\pathfinder.res
         Debug\pathfinder.exe.embed.manifest.res
         Debug\Bob.obj
         Debug\GA.obj
         Debug\MazeMap.obj
         Debug\pathfinder.obj
         Debug\SChromosome.obj
         Debug\stdafx.obj
       Manifest:
         c:\Program Files (x86)\Microsoft SDKs\Windows\v7.0A\bin\mt.exe /nologo /verbose /out:"Debug\pathfinder.exe.embed.manifest" /manifest Debug\pathfinder.exe.intermediate.manifest
         All outputs are up-to-date.
       LinkEmbedManifest:
         All outputs are up-to-date.
         pathfinder.vcxproj -> D:\cplus\pathfinder\Debug\pathfinder.exe
       FinalizeBuildStatus:
         Deleting file "Debug\pathfinder.unsuccessfulbuild".
         Touching "Debug\pathfinder.lastbuildstate".
     1>Done Building Project "D:\cplus\pathfinder\pathfinder\pathfinder.vcxproj" (build target(s)).

Build succeeded.

Time Elapsed 00:00:00.87
